<?xml version="1.0" encoding="UTF-8"?>
<testsuite xmlns:xsi="http://www.w3.org/2001/XMLSchema-instance" xsi:noNamespaceSchemaLocation="https://maven.apache.org/surefire/maven-surefire-plugin/xsd/surefire-test-report-3.0.xsd" version="3.0" name="adt.heap.extended.FloorCeilTest" time="0.051" tests="4" errors="0" skipped="0" failures="0">
  <properties>
    <property name="java.specification.version" value="21"/>
    <property name="sun.cpu.isalist" value="amd64"/>
    <property name="sun.jnu.encoding" value="Cp1252"/>
    <property name="java.class.path" value="C:\CC UFCG\LEDA-Pessoal\RoteirosLEDA\R12-02-Rot-HeapBinaria-environment\target\test-classes;C:\CC UFCG\LEDA-Pessoal\RoteirosLEDA\R12-02-Rot-HeapBinaria-environment\target\classes;C:\Users\Pedro Veloso\.m2\repository\junit\junit\4.13.1\junit-4.13.1.jar;C:\Users\Pedro Veloso\.m2\repository\org\hamcrest\hamcrest-core\1.3\hamcrest-core-1.3.jar;"/>
    <property name="java.vm.vendor" value="Oracle Corporation"/>
    <property name="sun.arch.data.model" value="64"/>
    <property name="user.variant" value=""/>
    <property name="java.vendor.url" value="https://java.oracle.com/"/>
    <property name="user.timezone" value="America/Fortaleza"/>
    <property name="os.name" value="Windows 10"/>
    <property name="java.vm.specification.version" value="21"/>
    <property name="sun.java.launcher" value="SUN_STANDARD"/>
    <property name="user.country" value="BR"/>
    <property name="sun.boot.library.path" value="C:\Program Files\Java\jdk-21\bin"/>
    <property name="sun.java.command" value="C:\Users\Pedro Veloso\AppData\Local\Temp\surefire13819919836311498296\surefirebooter-20231019134156437_3.jar C:\Users\Pedro Veloso\AppData\Local\Temp\surefire13819919836311498296 2023-10-19T13-41-56_310-jvmRun1 surefire-20231019134156437_1tmp surefire_0-20231019134156437_2tmp"/>
    <property name="jdk.debug" value="release"/>
    <property name="surefire.test.class.path" value="C:\CC UFCG\LEDA-Pessoal\RoteirosLEDA\R12-02-Rot-HeapBinaria-environment\target\test-classes;C:\CC UFCG\LEDA-Pessoal\RoteirosLEDA\R12-02-Rot-HeapBinaria-environment\target\classes;C:\Users\Pedro Veloso\.m2\repository\junit\junit\4.13.1\junit-4.13.1.jar;C:\Users\Pedro Veloso\.m2\repository\org\hamcrest\hamcrest-core\1.3\hamcrest-core-1.3.jar;"/>
    <property name="sun.cpu.endian" value="little"/>
    <property name="user.home" value="C:\Users\Pedro Veloso"/>
    <property name="user.language" value="pt"/>
    <property name="java.specification.vendor" value="Oracle Corporation"/>
    <property name="java.version.date" value="2023-09-19"/>
    <property name="java.home" value="C:\Program Files\Java\jdk-21"/>
    <property name="file.separator" value="\"/>
    <property name="basedir" value="C:\CC UFCG\LEDA-Pessoal\RoteirosLEDA\R12-02-Rot-HeapBinaria-environment"/>
    <property name="java.vm.compressedOopsMode" value="Zero based"/>
    <property name="line.separator" value="&#10;"/>
    <property name="java.vm.specification.vendor" value="Oracle Corporation"/>
    <property name="java.specification.name" value="Java Platform API Specification"/>
    <property name="surefire.real.class.path" value="C:\Users\Pedro Veloso\AppData\Local\Temp\surefire13819919836311498296\surefirebooter-20231019134156437_3.jar"/>
    <property name="user.script" value=""/>
    <property name="sun.management.compiler" value="HotSpot 64-Bit Tiered Compilers"/>
    <property name="java.runtime.version" value="21+35-LTS-2513"/>
    <property name="user.name" value="Pedro Veloso"/>
    <property name="stdout.encoding" value="Cp1252"/>
    <property name="path.separator" value=";"/>
    <property name="os.version" value="10.0"/>
    <property name="java.runtime.name" value="Java(TM) SE Runtime Environment"/>
    <property name="file.encoding" value="UTF-8"/>
    <property name="java.vm.name" value="Java HotSpot(TM) 64-Bit Server VM"/>
    <property name="localRepository" value="C:\Users\Pedro Veloso\.m2\repository"/>
    <property name="java.vendor.url.bug" value="https://bugreport.java.com/bugreport/"/>
    <property name="java.io.tmpdir" value="C:\Users\PEDROV~1\AppData\Local\Temp\"/>
    <property name="java.version" value="21"/>
    <property name="user.dir" value="C:\CC UFCG\LEDA-Pessoal\RoteirosLEDA\R12-02-Rot-HeapBinaria-environment"/>
    <property name="os.arch" value="amd64"/>
    <property name="java.vm.specification.name" value="Java Virtual Machine Specification"/>
    <property name="sun.os.patch.level" value=""/>
    <property name="native.encoding" value="Cp1252"/>
    <property name="java.library.path" value="C:\Program Files\Java\jdk-21\bin;C:\Windows\Sun\Java\bin;C:\Windows\system32;C:\Windows;C:\Program Files\Python312\Scripts\;C:\Program Files\Python312\;C:\Program Files\Common Files\Oracle\Java\javapath;C:\Windows\system32;C:\Windows;C:\Windows\System32\Wbem;C:\Windows\System32\WindowsPowerShell\v1.0\;C:\Windows\System32\OpenSSH\;C:\Program Files (x86)\NVIDIA Corporation\PhysX\Common;C:\Program Files\NVIDIA Corporation\NVIDIA NvDLISR;C:\Program Files\Maven\bin;C:\Program Files\Git\cmd;C:\Users\Pedro Veloso\AppData\Local\Microsoft\WindowsApps;C:\Users\Pedro Veloso\AppData\Local\Programs\Microsoft VS Code\bin;C:\Program Files\Maven\bin;;."/>
    <property name="java.vm.info" value="mixed mode, sharing"/>
    <property name="stderr.encoding" value="Cp1252"/>
    <property name="java.vendor" value="Oracle Corporation"/>
    <property name="java.vm.version" value="21+35-LTS-2513"/>
    <property name="sun.io.unicode.encoding" value="UnicodeLittle"/>
    <property name="java.class.version" value="65.0"/>
  </properties>
  <testcase name="test01" classname="adt.heap.extended.FloorCeilTest" time="0.002"/>
  <testcase name="test02" classname="adt.heap.extended.FloorCeilTest" time="0.0"/>
  <testcase name="test03" classname="adt.heap.extended.FloorCeilTest" time="0.0"/>
  <testcase name="test04" classname="adt.heap.extended.FloorCeilTest" time="0.0"/>
</testsuite>